{"error":{},"level":"error","message":"Error creating coupon: Cannot read properties of undefined (reading '_id')","service":"lms-api","timestamp":"2025-04-19 19:09:49"}
{"error":{},"level":"error","message":"Error getting coupon stats: Class constructor ObjectId cannot be invoked without 'new'","service":"lms-api","timestamp":"2025-04-19 19:23:59"}
{"error":{},"level":"error","message":"Error getting coupon stats: Class constructor ObjectId cannot be invoked without 'new'","service":"lms-api","timestamp":"2025-04-19 19:24:17"}
{"error":{},"level":"error","message":"Error creating exam plan order: Cannot read properties of undefined (reading 'toString')","service":"lms-api","timestamp":"2025-04-20 00:37:09"}
{"error":{},"level":"error","message":"Error creating exam plan order: Cannot read properties of undefined (reading 'toString')","service":"lms-api","timestamp":"2025-04-20 00:38:43"}
{"error":{},"level":"error","message":"Error creating exam plan order: Cannot read properties of undefined (reading 'toString')","service":"lms-api","timestamp":"2025-04-20 00:39:58"}
{"error":{},"level":"error","message":"Error creating exam plan order: Cannot read properties of undefined (reading 'toString')","service":"lms-api","timestamp":"2025-04-20 00:42:36"}
{"error":{},"level":"error","message":"Error creating exam plan order: Cannot read properties of undefined (reading 'toString')","service":"lms-api","timestamp":"2025-04-20 00:43:14"}
{"error":{},"level":"error","message":"Error creating exam plan order: Cannot read properties of undefined (reading 'toString')","service":"lms-api","timestamp":"2025-04-20 00:44:14"}
{"error":{},"level":"error","message":"Error creating exam plan order: Cannot read properties of undefined (reading 'toString')","service":"lms-api","timestamp":"2025-04-20 00:45:12"}
{"error":{},"level":"error","message":"Error creating exam plan order: Cannot read properties of undefined (reading 'toString')","service":"lms-api","timestamp":"2025-04-20 00:45:33"}
{"error":{"error":{"code":"BAD_REQUEST_ERROR","description":"Authentication failed"},"statusCode":401},"level":"error","message":"Error creating exam plan order: undefined","service":"lms-api","timestamp":"2025-04-20 00:47:41"}
{"error":{"error":{"code":"BAD_REQUEST_ERROR","description":"Authentication failed"},"statusCode":401},"level":"error","message":"Error creating exam plan order: undefined","service":"lms-api","timestamp":"2025-04-20 00:48:15"}
{"error":{"error":{"code":"BAD_REQUEST_ERROR","description":"Authentication failed"},"statusCode":401},"level":"error","message":"Error creating exam plan order: undefined","service":"lms-api","timestamp":"2025-04-20 00:49:07"}
{"error":{},"level":"error","message":"Error creating exam plan order: Cannot read properties of undefined (reading 'toString')","service":"lms-api","timestamp":"2025-04-20 00:49:45"}
{"error":{},"level":"error","message":"Error creating exam plan order: Cannot read properties of undefined (reading 'toString')","service":"lms-api","timestamp":"2025-04-20 00:51:42"}
{"error":{},"level":"error","message":"Error creating exam plan order: Cannot read properties of undefined (reading 'toString')","service":"lms-api","timestamp":"2025-04-20 00:52:41"}
{"error":{"error":{"code":"BAD_REQUEST_ERROR","description":"Authentication failed"},"statusCode":401},"level":"error","message":"Error creating exam plan order: undefined","service":"lms-api","timestamp":"2025-04-20 00:53:03"}
{"error":{},"level":"error","message":"Error creating exam plan order: Cannot read properties of undefined (reading 'toString')","service":"lms-api","timestamp":"2025-04-20 00:53:38"}
{"error":{},"level":"error","message":"Error creating exam plan order: Cannot read properties of undefined (reading 'toString')","service":"lms-api","timestamp":"2025-04-20 00:53:51"}
{"error":{"error":{"code":"BAD_REQUEST_ERROR","description":"Authentication failed"},"statusCode":401},"level":"error","message":"Error creating exam plan order: undefined","service":"lms-api","timestamp":"2025-04-20 00:54:07"}
{"error":{"error":{"code":"BAD_REQUEST_ERROR","description":"Authentication failed"},"statusCode":401},"level":"error","message":"Error creating exam plan order: undefined","service":"lms-api","timestamp":"2025-04-20 00:54:26"}
{"error":{"error":{"code":"BAD_REQUEST_ERROR","description":"Authentication failed"},"statusCode":401},"level":"error","message":"Error creating exam plan order: undefined","service":"lms-api","timestamp":"2025-04-20 00:55:03"}
{"error":{"error":{"code":"BAD_REQUEST_ERROR","description":"Authentication failed"},"statusCode":401},"level":"error","message":"Error creating exam plan order: undefined","service":"lms-api","timestamp":"2025-04-20 00:55:07"}
{"error":{},"level":"error","message":"Error creating exam plan order: Cannot read properties of undefined (reading 'toString')","service":"lms-api","timestamp":"2025-04-20 00:56:17"}
{"error":{},"level":"error","message":"Error creating exam plan order: Cannot read properties of undefined (reading 'toString')","service":"lms-api","timestamp":"2025-04-20 00:56:45"}
{"error":{},"level":"error","message":"Error creating exam plan order: req is not defined","service":"lms-api","timestamp":"2025-04-20 00:58:02"}
{"error":{},"level":"error","message":"Error creating exam plan order: req is not defined","service":"lms-api","timestamp":"2025-04-20 00:58:37"}
{"error":{},"level":"error","message":"Error creating exam plan order: Cannot read properties of undefined (reading 'toString')","service":"lms-api","timestamp":"2025-04-20 01:01:34"}
{"error":{"error":{"code":"BAD_REQUEST_ERROR","description":"Authentication failed"},"statusCode":401},"level":"error","message":"Error creating exam plan order: undefined","service":"lms-api","timestamp":"2025-04-20 01:03:36"}
{"error":{},"level":"error","message":"Error creating exam plan order: Cannot read properties of undefined (reading 'toString')","service":"lms-api","timestamp":"2025-04-20 01:04:13"}
{"error":{"error":{"code":"BAD_REQUEST_ERROR","description":"Authentication failed"},"statusCode":401},"level":"error","message":"Error creating exam plan order: undefined","service":"lms-api","timestamp":"2025-04-20 01:05:05"}
{"error":{"error":{"code":"BAD_REQUEST_ERROR","description":"Authentication failed"},"statusCode":401},"level":"error","message":"Error creating exam plan order: undefined","service":"lms-api","timestamp":"2025-04-20 01:06:39"}
{"error":{"error":{"code":"BAD_REQUEST_ERROR","description":"Authentication failed"},"statusCode":401},"level":"error","message":"Error creating exam plan order: undefined","service":"lms-api","timestamp":"2025-04-20 01:07:23"}
{"error":{"error":{"code":"BAD_REQUEST_ERROR","description":"Authentication failed"},"statusCode":401},"level":"error","message":"Error creating exam plan order: undefined","service":"lms-api","timestamp":"2025-04-20 01:09:29"}
{"error":{"error":{"code":"BAD_REQUEST_ERROR","description":"Authentication failed"},"statusCode":401},"level":"error","message":"Error creating exam plan order: undefined","service":"lms-api","timestamp":"2025-04-20 01:10:01"}
{"error":{"error":{"code":"BAD_REQUEST_ERROR","description":"Authentication failed"},"statusCode":401},"level":"error","message":"Error creating exam plan order: undefined","service":"lms-api","timestamp":"2025-04-20 01:11:12"}
{"error":{"error":{"code":"BAD_REQUEST_ERROR","description":"Authentication failed"},"statusCode":401},"level":"error","message":"Error creating exam plan order: undefined","service":"lms-api","timestamp":"2025-04-20 01:12:13"}
{"error":{"error":{"code":"BAD_REQUEST_ERROR","description":"Authentication failed"},"statusCode":401},"level":"error","message":"Error creating exam plan order: undefined","service":"lms-api","timestamp":"2025-04-20 01:13:58"}
{"error":{"error":{"code":"BAD_REQUEST_ERROR","description":"Authentication failed"},"statusCode":401},"level":"error","message":"Error creating exam plan order: undefined","service":"lms-api","timestamp":"2025-04-20 01:20:59"}
{"error":{"error":{"code":"BAD_REQUEST_ERROR","description":"Authentication failed"},"statusCode":401},"level":"error","message":"Error creating exam plan order: undefined","service":"lms-api","timestamp":"2025-04-20 01:21:27"}
{"error":{"error":{"code":"BAD_REQUEST_ERROR","description":"Authentication failed"},"statusCode":401},"level":"error","message":"Error creating exam plan order: undefined","service":"lms-api","timestamp":"2025-04-20 01:24:37"}
{"error":{"error":{"code":"BAD_REQUEST_ERROR","description":"Authentication failed"},"statusCode":401},"level":"error","message":"Error creating exam plan order: undefined","service":"lms-api","timestamp":"2025-04-20 01:25:54"}
{"error":{},"level":"error","message":"Error creating exam plan order: Coupon has expired or is no longer valid","service":"lms-api","timestamp":"2025-04-20 01:43:29"}
{"error":{},"level":"error","message":"Error creating exam plan order: Invalid coupon code","service":"lms-api","timestamp":"2025-04-20 01:44:10"}
{"error":{},"level":"error","message":"Error creating exam plan order: Coupon has expired or is no longer valid","service":"lms-api","timestamp":"2025-04-20 01:44:17"}
{"error":{},"level":"error","message":"Error processing payment: Invalid payment signature","service":"lms-api","timestamp":"2025-04-20 02:13:41"}
{"error":{},"level":"error","message":"Error processing payment: Invalid payment signature","service":"lms-api","timestamp":"2025-04-20 02:17:42"}
{"error":{},"level":"error","message":"Error processing payment: Invalid payment signature","service":"lms-api","timestamp":"2025-04-20 02:35:37"}
{"error":{},"level":"error","message":"Error creating note order: Invalid coupon code","service":"lms-api","timestamp":"2025-04-20 02:55:56"}
{"error":{},"level":"error","message":"Error processing payment: Invalid payment signature","service":"lms-api","timestamp":"2025-04-20 02:57:14"}
{"error":{},"level":"error","message":"Error processing payment: Invalid payment signature","service":"lms-api","timestamp":"2025-04-20 02:58:18"}
{"error":{},"level":"error","message":"Error processing payment: Invalid payment signature","service":"lms-api","timestamp":"2025-04-20 02:58:23"}
{"error":{},"level":"error","message":"Error processing payment: Invalid payment signature","service":"lms-api","timestamp":"2025-04-20 03:18:11"}
{"error":{},"level":"error","message":"Error creating exam plan order: You have already used this coupon 2 time(s)","service":"lms-api","timestamp":"2025-04-24 08:20:30"}
{"error":{},"level":"error","message":"Error in getNotesBySubject: Cannot read properties of undefined (reading '_id')","service":"lms-api","timestamp":"2025-05-21 11:19:54","userId":"67e989a03de126aa23c879f2"}
{"error":{},"level":"error","message":"Error in getNotesBySubject: ObjectId is not defined","service":"lms-api","timestamp":"2025-05-21 11:21:53","userId":"67e989a03de126aa23c879f2"}
{"error":{},"level":"error","message":"Error in getNotesBySubject: ObjectId is not defined","service":"lms-api","timestamp":"2025-05-21 11:22:44","userId":"67e989a03de126aa23c879f2"}
{"error":{},"level":"error","message":"Error in getNotesBySubject: ObjectId is not defined","service":"lms-api","timestamp":"2025-05-21 11:22:46","userId":"67e989a03de126aa23c879f2"}
{"error":{},"level":"error","message":"Error in getNotesBySubject: note.toObject is not a function","service":"lms-api","timestamp":"2025-05-21 11:23:40","userId":"67e989a03de126aa23c879f2"}
{"error":{},"level":"error","message":"Error in getNotesByExamPlan: Cannot read properties of undefined (reading '_id')","service":"lms-api","timestamp":"2025-05-21 11:44:35","userId":"67e989a03de126aa23c879f2"}
{"error":{},"level":"error","message":"Error in getSubjectsWithNotesCountByExamPlan: Cannot read properties of undefined (reading '_id')","service":"lms-api","timestamp":"2025-05-21 11:46:10","userId":"67e989a03de126aa23c879f2"}
{"error":{},"level":"error","message":"Error in downloadNote: Cannot read properties of undefined (reading '_id')","service":"lms-api","timestamp":"2025-05-21 12:40:58","userId":"67eef5d7c820b2008c63e357"}
{"error":{},"level":"error","message":"Error in downloadNote: Cannot read properties of undefined (reading '_id')","service":"lms-api","timestamp":"2025-05-21 12:41:57","userId":"67eef5d7c820b2008c63e357"}
{"error":{},"level":"error","message":"Error in downloadNote: Cannot read properties of undefined (reading '_id')","service":"lms-api","timestamp":"2025-05-21 12:42:37","userId":"67eef5d7c820b2008c63e357"}
{"error":{},"level":"error","message":"Error in downloadNote: Cannot read properties of undefined (reading '_id')","service":"lms-api","timestamp":"2025-05-21 12:45:26","userId":"67eef5d7c820b2008c63e357"}
{"error":{},"level":"error","message":"Error in getAllNotes: Cannot read properties of undefined (reading '_id')","service":"lms-api","timestamp":"2025-05-23 03:53:04","userId":"67eef5d7c820b2008c63e357"}
{"error":{},"level":"error","message":"Error in getAllNotes: Cannot read properties of undefined (reading '_id')","service":"lms-api","timestamp":"2025-05-23 03:53:06","userId":"67eef5d7c820b2008c63e357"}
{"error":{},"level":"error","message":"Error in getAllNotes: Cannot read properties of undefined (reading '_id')","service":"lms-api","timestamp":"2025-05-23 03:54:07","userId":"67eef5d7c820b2008c63e357"}
{"error":{},"level":"error","message":"Error in getAllNotes: Cannot read properties of undefined (reading '_id')","service":"lms-api","timestamp":"2025-05-23 03:54:48","userId":"67eef5d7c820b2008c63e357"}
{"error":{},"level":"error","message":"Error in getAllNotes: Cannot read properties of undefined (reading '_id')","service":"lms-api","timestamp":"2025-05-23 03:55:40","userId":"67eef5d7c820b2008c63e357"}
{"error":{},"level":"error","message":"Error in getAllNotes: Cannot read properties of undefined (reading 'title')","service":"lms-api","timestamp":"2025-05-23 03:56:21","userId":"67eef5d7c820b2008c63e357"}
{"error":{},"level":"error","message":"Error in getAllNotes: Cannot read properties of undefined (reading 'title')","service":"lms-api","timestamp":"2025-05-23 03:56:52","userId":"67eef5d7c820b2008c63e357"}
{"error":{},"level":"error","message":"Error in getAllNotes: Cannot read properties of undefined (reading 'title')","service":"lms-api","timestamp":"2025-05-23 21:40:27","userId":"67eef5d7c820b2008c63e357"}
{"error":{},"level":"error","message":"Error in getAllNotes: Cannot read properties of undefined (reading 'title')","service":"lms-api","timestamp":"2025-05-23 21:43:27","userId":"67eef5d7c820b2008c63e357"}
{"error":{},"level":"error","message":"Error in getNotesByExamPlan: conosole is not defined","service":"lms-api","timestamp":"2025-06-18 00:41:10","userId":"67e989a03de126aa23c879f2"}
{"error":{},"level":"error","message":"Error in getNotesByExamPlan: examPlanIds is not defined","service":"lms-api","timestamp":"2025-06-18 00:41:59","userId":"67e989a03de126aa23c879f2"}
{"error":{"code":"ECONNRESET","errno":-4077,"syscall":"read"},"level":"error","message":"Error getting users: read ECONNRESET","service":"lms-api","timestamp":"2025-06-26 01:22:49"}
{"error":{"kind":"ObjectId","message":"Cast to ObjectId failed for value \"rajasthan\" (type string) at path \"_id\" for model \"State\"","name":"CastError","path":"_id","reason":{},"stringValue":"\"rajasthan\"","value":"rajasthan","valueType":"string"},"level":"error","message":"Error getting users: Cast to ObjectId failed for value \"rajasthan\" (type string) at path \"_id\" for model \"State\"","service":"lms-api","timestamp":"2025-06-26 03:53:53"}
{"error":{"kind":"ObjectId","message":"Cast to ObjectId failed for value \"rajasthan\" (type string) at path \"_id\" for model \"State\"","name":"CastError","path":"_id","reason":{},"stringValue":"\"rajasthan\"","value":"rajasthan","valueType":"string"},"level":"error","message":"Error getting users: Cast to ObjectId failed for value \"rajasthan\" (type string) at path \"_id\" for model \"State\"","service":"lms-api","timestamp":"2025-06-26 03:54:05"}
{"error":{"kind":"ObjectId","message":"Cast to ObjectId failed for value \"rajasthan\" (type string) at path \"_id\" for model \"State\"","name":"CastError","path":"_id","reason":{},"stringValue":"\"rajasthan\"","value":"rajasthan","valueType":"string"},"level":"error","message":"Error getting users: Cast to ObjectId failed for value \"rajasthan\" (type string) at path \"_id\" for model \"State\"","service":"lms-api","timestamp":"2025-06-26 03:55:46"}
{"error":{},"level":"error","message":"Error getting users: mongoose is not defined","service":"lms-api","timestamp":"2025-06-26 03:59:31"}
{"error":{},"level":"error","message":"Error getting users: mongoose is not defined","service":"lms-api","timestamp":"2025-06-26 03:59:35"}
{"error":{},"level":"error","message":"Error getting users: State is not defined","service":"lms-api","timestamp":"2025-06-26 04:00:04"}
{"error":{"kind":"ObjectId","message":"Cast to ObjectId failed for value \"rajasthan\" (type string) at path \"_id\" for model \"State\"","name":"CastError","path":"_id","reason":{},"stringValue":"\"rajasthan\"","value":"rajasthan","valueType":"string"},"level":"error","message":"Error getting users: Cast to ObjectId failed for value \"rajasthan\" (type string) at path \"_id\" for model \"State\"","service":"lms-api","timestamp":"2025-06-26 04:01:44"}
