{"level":"error","message":"POST /api-v1/admin/login - invalid csrf token"}
{"level":"error","message":"POST /api-v1/admin/login - invalid csrf token"}
{"level":"error","message":"POST /api-v1/admin/login - invalid csrf token"}
{"level":"error","message":"POST /api-v1/admin/login - invalid csrf token"}
{"level":"error","message":"POST /api-v1/admin/login - invalid csrf token"}
{"level":"error","message":"POST /api-v1/admin/login - invalid csrf token"}
{"level":"error","message":"POST /api-v1/admin/login - invalid csrf token"}
{"level":"error","message":"POST /api-v1/admin/login - invalid csrf token"}
{"level":"error","message":"POST /api-v1/admin/login - invalid csrf token"}
{"level":"error","message":"POST /api-v1/admin/login - invalid csrf token"}
{"level":"error","message":"POST /api-v1/admin/login - invalid csrf token"}
{"level":"error","message":"POST /api-v1/admin/login - invalid csrf token"}
{"level":"error","message":"POST /api-v1/admin/login - invalid csrf token"}
{"level":"error","message":"POST /api-v1/admin/login - invalid csrf token"}
{"level":"error","message":"GET /socket.io/?EIO=4&transport=websocket - Not allowed by CORS"}
{"level":"error","message":"GET /socket.io/?EIO=4&transport=websocket - Not allowed by CORS"}
{"level":"error","message":"GET /socket.io/?EIO=4&transport=websocket - Not allowed by CORS"}
{"level":"error","message":"GET /socket.io/?EIO=4&transport=websocket - Not allowed by CORS"}
{"level":"error","message":"GET /socket.io/?EIO=4&transport=websocket - Not allowed by CORS"}
{"level":"error","message":"GET /socket.io/?EIO=4&transport=websocket - Not allowed by CORS"}
{"level":"error","message":"GET /socket.io/?EIO=4&transport=websocket - Not allowed by CORS"}
{"level":"error","message":"GET /socket.io/?EIO=4&transport=websocket - Not allowed by CORS"}
{"level":"error","message":"GET /socket.io/?EIO=4&transport=websocket - Not allowed by CORS"}
{"level":"error","message":"GET /socket.io/?EIO=4&transport=websocket - Not allowed by CORS"}
{"level":"error","message":"GET /socket.io/?EIO=4&transport=websocket - Not allowed by CORS"}
{"level":"error","message":"GET /socket.io/?EIO=4&transport=websocket - Not allowed by CORS"}
{"level":"error","message":"OPTIONS /front/profile - Not allowed by CORS"}
{"level":"error","message":"OPTIONS /front/settings/1 - Not allowed by CORS"}
{"level":"error","message":"OPTIONS /front/profile - Not allowed by CORS"}
{"level":"error","message":"OPTIONS /front/constant-list - Not allowed by CORS"}
{"level":"error","message":"OPTIONS /front/profile - Not allowed by CORS"}
{"level":"error","message":"OPTIONS /front/settings/1 - Not allowed by CORS"}
{"level":"error","message":"OPTIONS /front/profile - Not allowed by CORS"}
{"level":"error","message":"OPTIONS /front/constant-list - Not allowed by CORS"}
{"level":"error","message":"OPTIONS /front/logout - Not allowed by CORS"}
{"level":"error","message":"OPTIONS /front/logout - Not allowed by CORS"}
{"level":"error","message":"OPTIONS /front/get-ureadnotification?userId=null - Not allowed by CORS"}
{"level":"error","message":"OPTIONS /front/business-datatable - Not allowed by CORS"}
{"level":"error","message":"OPTIONS /front/advertisement-datatable - Not allowed by CORS"}
{"level":"error","message":"OPTIONS /front/get-advertisement-count - Not allowed by CORS"}
{"level":"error","message":"OPTIONS /front/recent-transaction - Not allowed by CORS"}
{"level":"error","message":"OPTIONS /front/get-ureadnotification?userId=null - Not allowed by CORS"}
{"level":"error","message":"OPTIONS /front/business-datatable - Not allowed by CORS"}
{"level":"error","message":"OPTIONS /front/advertisement-datatable - Not allowed by CORS"}
{"level":"error","message":"OPTIONS /front/get-advertisement-count - Not allowed by CORS"}
{"level":"error","message":"OPTIONS /front/recent-transaction - Not allowed by CORS"}
{"level":"error","message":"OPTIONS /front/get-banner/login/loginbanner - Not allowed by CORS"}
{"level":"error","message":"OPTIONS /front/get-banner/login/loginbanner - Not allowed by CORS"}
{"level":"error","message":"OPTIONS /front/get-banner/login/loginbanner - Not allowed by CORS"}
{"level":"error","message":"OPTIONS /front/settings/1 - Not allowed by CORS"}
{"level":"error","message":"OPTIONS /front/constant-list - Not allowed by CORS"}
{"level":"error","message":"OPTIONS /front/profile - Not allowed by CORS"}
{"level":"error","message":"OPTIONS /front/get-banner/login/loginbanner - Not allowed by CORS"}
{"level":"error","message":"OPTIONS /front/settings/1 - Not allowed by CORS"}
{"level":"error","message":"OPTIONS /front/profile - Not allowed by CORS"}
{"level":"error","message":"OPTIONS /front/constant-list - Not allowed by CORS"}
{"level":"error","message":"OPTIONS /api-v1/admin/profile - Not allowed by CORS"}
{"level":"error","message":"OPTIONS /api-v1/admin/profile - Not allowed by CORS"}
{"level":"error","message":"OPTIONS /api-v1/admin/profile - Not allowed by CORS"}
{"level":"error","message":"OPTIONS /api-v1/admin/profile - Not allowed by CORS"}
{"level":"error","message":"OPTIONS /api-v1/admin/profile - Not allowed by CORS"}
{"level":"error","message":"OPTIONS /api-v1/admin/profile - Not allowed by CORS"}
{"level":"error","message":"OPTIONS /api-v1/admin/profile - Not allowed by CORS"}
{"level":"error","message":"OPTIONS /api-v1/admin/profile - Not allowed by CORS"}
{"level":"error","message":"OPTIONS /api-v1/admin/profile - Not allowed by CORS"}
{"level":"error","message":"OPTIONS /api-v1/admin/profile - Not allowed by CORS"}
{"level":"error","message":"OPTIONS /api-v1/admin/profile - Not allowed by CORS"}
{"level":"error","message":"OPTIONS /api-v1/admin/profile - Not allowed by CORS"}
{"level":"error","message":"OPTIONS /api-v1/admin/logout - Not allowed by CORS"}
{"level":"error","message":"OPTIONS /api-v1/admin/logout - Not allowed by CORS"}
{"level":"error","message":"OPTIONS /api-v1/admin/logout - Not allowed by CORS"}
{"level":"error","message":"OPTIONS /api-v1/admin/logout - Not allowed by CORS"}
{"level":"error","message":"OPTIONS /api-v1/admin/logout - Not allowed by CORS"}
{"level":"error","message":"OPTIONS /api-v1/admin/logout - Not allowed by CORS"}
{"level":"error","message":"OPTIONS /api-v1/admin/logout - Not allowed by CORS"}
{"level":"error","message":"OPTIONS /api-v1/admin/logout - Not allowed by CORS"}
{"level":"error","message":"OPTIONS /api-v1/admin/logout - Not allowed by CORS"}
{"level":"error","message":"OPTIONS /api-v1/admin/logout - Not allowed by CORS"}
{"level":"error","message":"OPTIONS /api-v1/admin/profile - Not allowed by CORS"}
{"level":"error","message":"OPTIONS /api-v1/admin/profile - Not allowed by CORS"}
{"level":"error","message":"OPTIONS /api-v1/admin/profile - Not allowed by CORS"}
{"level":"error","message":"OPTIONS /api-v1/admin/profile - Not allowed by CORS"}
{"level":"error","message":"OPTIONS /api-v1/admin/profile - Not allowed by CORS"}
{"level":"error","message":"OPTIONS /api-v1/admin/profile - Not allowed by CORS"}
{"level":"error","message":"OPTIONS /api-v1/admin/profile - Not allowed by CORS"}
{"level":"error","message":"OPTIONS /api-v1/admin/profile - Not allowed by CORS"}
{"level":"error","message":"OPTIONS /api-v1/admin/profile - Not allowed by CORS"}
{"level":"error","message":"OPTIONS /api-v1/admin/profile - Not allowed by CORS"}
{"level":"error","message":"OPTIONS /api-v1/admin/profile - Not allowed by CORS"}
{"level":"error","message":"OPTIONS /api-v1/admin/profile - Not allowed by CORS"}
{"level":"error","message":"OPTIONS /api-v1/admin/logout - Not allowed by CORS"}
{"level":"error","message":"OPTIONS /api-v1/admin/logout - Not allowed by CORS"}
{"level":"error","message":"OPTIONS /api-v1/admin/logout - Not allowed by CORS"}
{"level":"error","message":"OPTIONS /api-v1/admin/logout - Not allowed by CORS"}
{"level":"error","message":"OPTIONS /api-v1/admin/logout - Not allowed by CORS"}
{"level":"error","message":"OPTIONS /api-v1/admin/logout - Not allowed by CORS"}
{"level":"error","message":"OPTIONS /api-v1/admin/logout - Not allowed by CORS"}
{"level":"error","message":"OPTIONS /api-v1/admin/logout - Not allowed by CORS"}
{"level":"error","message":"OPTIONS /api-v1/admin/logout - Not allowed by CORS"}
{"level":"error","message":"OPTIONS /api-v1/admin/logout - Not allowed by CORS"}
{"level":"error","message":"OPTIONS /api-v1/admin/profile - Not allowed by CORS"}
{"level":"error","message":"OPTIONS /api-v1/admin/profile - Not allowed by CORS"}
{"level":"error","message":"OPTIONS /api-v1/admin/profile - Not allowed by CORS"}
{"level":"error","message":"OPTIONS /api-v1/admin/profile - Not allowed by CORS"}
{"level":"error","message":"OPTIONS /api-v1/admin/profile - Not allowed by CORS"}
{"level":"error","message":"OPTIONS /api-v1/admin/profile - Not allowed by CORS"}
{"level":"error","message":"OPTIONS /api-v1/admin/profile - Not allowed by CORS"}
{"level":"error","message":"OPTIONS /api-v1/admin/profile - Not allowed by CORS"}
{"level":"error","message":"OPTIONS /api-v1/admin/profile - Not allowed by CORS"}
{"level":"error","message":"OPTIONS /api-v1/admin/logout - Not allowed by CORS"}
{"level":"error","message":"OPTIONS /api-v1/admin/logout - Not allowed by CORS"}
{"level":"error","message":"OPTIONS /api-v1/admin/profile - Not allowed by CORS"}
{"level":"error","message":"OPTIONS /api-v1/admin/profile - Not allowed by CORS"}
{"level":"error","message":"OPTIONS /api-v1/admin/profile - Not allowed by CORS"}
{"level":"error","message":"OPTIONS /api-v1/admin/logout - Not allowed by CORS"}
{"level":"error","message":"OPTIONS /api-v1/admin/logout - Not allowed by CORS"}
{"level":"error","message":"OPTIONS /api-v1/admin/logout - Not allowed by CORS"}
{"level":"error","message":"OPTIONS /api-v1/admin/logout - Not allowed by CORS"}
{"level":"error","message":"OPTIONS /api-v1/admin/logout - Not allowed by CORS"}
{"level":"error","message":"OPTIONS /api-v1/admin/logout - Not allowed by CORS"}
{"level":"error","message":"OPTIONS /api-v1/admin/logout - Not allowed by CORS"}
{"level":"error","message":"OPTIONS /api-v1/admin/logout - Not allowed by CORS"}
{"level":"error","message":"OPTIONS /api-v1/admin/profile - Not allowed by CORS"}
{"level":"error","message":"OPTIONS /api-v1/admin/profile - Not allowed by CORS"}
{"level":"error","message":"OPTIONS /api-v1/admin/profile - Not allowed by CORS"}
{"level":"error","message":"OPTIONS /api-v1/admin/profile - Not allowed by CORS"}
{"level":"error","message":"OPTIONS /api-v1/admin/profile - Not allowed by CORS"}
{"level":"error","message":"OPTIONS /api-v1/admin/profile - Not allowed by CORS"}
{"level":"error","message":"OPTIONS /api-v1/admin/profile - Not allowed by CORS"}
{"level":"error","message":"OPTIONS /api-v1/admin/profile - Not allowed by CORS"}
{"level":"error","message":"OPTIONS /api-v1/admin/profile - Not allowed by CORS"}
{"level":"error","message":"OPTIONS /api-v1/admin/profile - Not allowed by CORS"}
{"level":"error","message":"OPTIONS /api-v1/admin/profile - Not allowed by CORS"}
{"level":"error","message":"OPTIONS /api-v1/admin/profile - Not allowed by CORS"}
{"level":"error","message":"OPTIONS /api-v1/admin/logout - Not allowed by CORS"}
{"level":"error","message":"OPTIONS /api-v1/admin/logout - Not allowed by CORS"}
{"level":"error","message":"OPTIONS /api-v1/admin/logout - Not allowed by CORS"}
{"level":"error","message":"OPTIONS /api-v1/admin/logout - Not allowed by CORS"}
{"level":"error","message":"OPTIONS /api-v1/admin/logout - Not allowed by CORS"}
{"level":"error","message":"OPTIONS /api-v1/admin/logout - Not allowed by CORS"}
{"level":"error","message":"OPTIONS /api-v1/admin/logout - Not allowed by CORS"}
{"level":"error","message":"OPTIONS /api-v1/admin/logout - Not allowed by CORS"}
{"level":"error","message":"OPTIONS /api-v1/admin/logout - Not allowed by CORS"}
{"level":"error","message":"OPTIONS /api-v1/admin/logout - Not allowed by CORS"}
{"level":"error","message":"OPTIONS /api-v1/admin/profile - Not allowed by CORS"}
{"level":"error","message":"OPTIONS /api-v1/admin/profile - Not allowed by CORS"}
{"level":"error","message":"OPTIONS /api-v1/admin/profile - Not allowed by CORS"}
{"level":"error","message":"OPTIONS /api-v1/admin/profile - Not allowed by CORS"}
{"level":"error","message":"OPTIONS /api-v1/admin/profile - Not allowed by CORS"}
{"level":"error","message":"OPTIONS /api-v1/admin/profile - Not allowed by CORS"}
{"level":"error","message":"OPTIONS /api-v1/admin/profile - Not allowed by CORS"}
{"level":"error","message":"OPTIONS /api-v1/admin/profile - Not allowed by CORS"}
{"level":"error","message":"OPTIONS /api-v1/admin/profile - Not allowed by CORS"}
{"level":"error","message":"OPTIONS /api-v1/admin/profile - Not allowed by CORS"}
{"level":"error","message":"OPTIONS /api-v1/admin/profile - Not allowed by CORS"}
{"level":"error","message":"OPTIONS /api-v1/admin/profile - Not allowed by CORS"}
{"level":"error","message":"OPTIONS /api-v1/admin/logout - Not allowed by CORS"}
{"level":"error","message":"OPTIONS /api-v1/admin/logout - Not allowed by CORS"}
{"level":"error","message":"OPTIONS /api-v1/admin/logout - Not allowed by CORS"}
{"level":"error","message":"OPTIONS /api-v1/admin/logout - Not allowed by CORS"}
{"level":"error","message":"OPTIONS /api-v1/admin/logout - Not allowed by CORS"}
{"level":"error","message":"OPTIONS /api-v1/admin/logout - Not allowed by CORS"}
{"level":"error","message":"OPTIONS /api-v1/admin/logout - Not allowed by CORS"}
{"level":"error","message":"OPTIONS /api-v1/admin/logout - Not allowed by CORS"}
{"level":"error","message":"OPTIONS /api-v1/admin/logout - Not allowed by CORS"}
{"level":"error","message":"OPTIONS /api-v1/admin/logout - Not allowed by CORS"}
{"level":"error","message":"OPTIONS /api-v1/admin/profile - Not allowed by CORS"}
{"level":"error","message":"OPTIONS /api-v1/admin/profile - Not allowed by CORS"}
{"level":"error","message":"OPTIONS /api-v1/admin/profile - Not allowed by CORS"}
{"level":"error","message":"OPTIONS /api-v1/admin/profile - Not allowed by CORS"}
{"level":"error","message":"OPTIONS /api-v1/admin/profile - Not allowed by CORS"}
{"level":"error","message":"OPTIONS /api-v1/admin/profile - Not allowed by CORS"}
{"level":"error","message":"OPTIONS /api-v1/admin/profile - Not allowed by CORS"}
{"level":"error","message":"OPTIONS /api-v1/admin/profile - Not allowed by CORS"}
{"level":"error","message":"OPTIONS /api-v1/admin/profile - Not allowed by CORS"}
{"level":"error","message":"OPTIONS /api-v1/admin/profile - Not allowed by CORS"}
{"level":"error","message":"OPTIONS /api-v1/admin/profile - Not allowed by CORS"}
{"level":"error","message":"OPTIONS /api-v1/admin/logout - Not allowed by CORS"}
{"level":"error","message":"OPTIONS /api-v1/admin/logout - Not allowed by CORS"}
{"level":"error","message":"OPTIONS /api-v1/admin/logout - Not allowed by CORS"}
{"level":"error","message":"OPTIONS /api-v1/admin/logout - Not allowed by CORS"}
{"level":"error","message":"OPTIONS /api-v1/admin/logout - Not allowed by CORS"}
{"level":"error","message":"OPTIONS /api-v1/admin/logout - Not allowed by CORS"}
{"level":"error","message":"OPTIONS /api-v1/admin/profile - Not allowed by CORS"}
{"level":"error","message":"OPTIONS /api-v1/admin/logout - Not allowed by CORS"}
{"level":"error","message":"OPTIONS /api-v1/admin/logout - Not allowed by CORS"}
{"level":"error","message":"OPTIONS /api-v1/admin/logout - Not allowed by CORS"}
{"level":"error","message":"OPTIONS /api-v1/admin/logout - Not allowed by CORS"}
{"level":"error","message":"OPTIONS /api-v1/admin/profile - Not allowed by CORS"}
{"level":"error","message":"OPTIONS /api-v1/admin/profile - Not allowed by CORS"}
{"level":"error","message":"OPTIONS /api-v1/admin/profile - Not allowed by CORS"}
{"level":"error","message":"OPTIONS /api-v1/admin/profile - Not allowed by CORS"}
{"level":"error","message":"OPTIONS /api-v1/admin/profile - Not allowed by CORS"}
{"level":"error","message":"OPTIONS /api-v1/admin/profile - Not allowed by CORS"}
{"level":"error","message":"OPTIONS /api-v1/admin/profile - Not allowed by CORS"}
{"level":"error","message":"OPTIONS /api-v1/admin/profile - Not allowed by CORS"}
{"level":"error","message":"OPTIONS /api-v1/admin/profile - Not allowed by CORS"}
{"level":"error","message":"OPTIONS /api-v1/admin/profile - Not allowed by CORS"}
{"level":"error","message":"OPTIONS /api-v1/admin/profile - Not allowed by CORS"}
{"level":"error","message":"OPTIONS /api-v1/admin/profile - Not allowed by CORS"}
{"level":"error","message":"OPTIONS /api-v1/admin/logout - Not allowed by CORS"}
{"level":"error","message":"OPTIONS /api-v1/admin/logout - Not allowed by CORS"}
{"level":"error","message":"OPTIONS /api-v1/admin/logout - Not allowed by CORS"}
{"level":"error","message":"OPTIONS /api-v1/admin/logout - Not allowed by CORS"}
{"level":"error","message":"OPTIONS /api-v1/admin/logout - Not allowed by CORS"}
{"level":"error","message":"OPTIONS /api-v1/admin/logout - Not allowed by CORS"}
{"level":"error","message":"OPTIONS /api-v1/admin/logout - Not allowed by CORS"}
{"level":"error","message":"OPTIONS /api-v1/admin/logout - Not allowed by CORS"}
{"level":"error","message":"OPTIONS /api-v1/admin/logout - Not allowed by CORS"}
{"level":"error","message":"OPTIONS /api-v1/admin/logout - Not allowed by CORS"}
{"level":"error","message":"OPTIONS /api-v1/admin/profile - Not allowed by CORS"}
{"level":"error","message":"OPTIONS /api-v1/admin/profile - Not allowed by CORS"}
{"level":"error","message":"OPTIONS /api-v1/admin/profile - Not allowed by CORS"}
{"level":"error","message":"OPTIONS /api-v1/admin/profile - Not allowed by CORS"}
{"level":"error","message":"OPTIONS /api-v1/admin/profile - Not allowed by CORS"}
{"level":"error","message":"OPTIONS /api-v1/admin/profile - Not allowed by CORS"}
{"level":"error","message":"OPTIONS /api-v1/admin/profile - Not allowed by CORS"}
{"level":"error","message":"OPTIONS /api-v1/admin/profile - Not allowed by CORS"}
{"level":"error","message":"OPTIONS /api-v1/admin/profile - Not allowed by CORS"}
{"level":"error","message":"OPTIONS /api-v1/admin/profile - Not allowed by CORS"}
{"level":"error","message":"OPTIONS /api-v1/admin/profile - Not allowed by CORS"}
{"level":"error","message":"OPTIONS /api-v1/admin/profile - Not allowed by CORS"}
{"level":"error","message":"OPTIONS /api-v1/admin/logout - Not allowed by CORS"}
{"level":"error","message":"OPTIONS /api-v1/admin/logout - Not allowed by CORS"}
{"level":"error","message":"OPTIONS /api-v1/admin/logout - Not allowed by CORS"}
{"level":"error","message":"OPTIONS /api-v1/admin/logout - Not allowed by CORS"}
{"level":"error","message":"OPTIONS /api-v1/admin/logout - Not allowed by CORS"}
{"level":"error","message":"OPTIONS /api-v1/admin/logout - Not allowed by CORS"}
{"level":"error","message":"OPTIONS /api-v1/admin/logout - Not allowed by CORS"}
{"level":"error","message":"OPTIONS /api-v1/admin/logout - Not allowed by CORS"}
{"level":"error","message":"OPTIONS /api-v1/admin/logout - Not allowed by CORS"}
{"level":"error","message":"OPTIONS /api-v1/admin/logout - Not allowed by CORS"}
{"level":"error","message":"GET /transactions - Not allowed by CORS"}
{"level":"error","message":"GET /transactions - Not allowed by CORS"}
{"level":"error","message":"GET /favicon.ico - Not allowed by CORS"}
{"level":"error","message":"GET /transactions - Not allowed by CORS"}
{"level":"error","message":"GET /favicon.ico - Not allowed by CORS"}
{"level":"error","message":"GET /transactions - Not allowed by CORS"}
{"level":"error","message":"GET /favicon.ico - Not allowed by CORS"}
{"level":"error","message":"GET / - Not allowed by CORS"}
{"level":"error","message":"GET / - Not allowed by CORS"}
{"level":"error","message":"GET /favicon.ico - Not allowed by CORS"}
{"level":"error","message":"GET / - Not allowed by CORS"}
{"level":"error","message":"GET /favicon.ico - Not allowed by CORS"}
{"level":"error","message":"OPTIONS /api-v1/admin/profile - CORS policy violation: Origin not allowed"}
{"level":"error","message":"OPTIONS /api-v1/admin/profile - CORS policy violation: Origin not allowed"}
{"level":"error","message":"OPTIONS /api-v1/admin/profile - CORS policy violation: Origin not allowed"}
{"level":"error","message":"OPTIONS /api-v1/admin/profile - CORS policy violation: Origin not allowed"}
{"level":"error","message":"OPTIONS /api-v1/admin/profile - CORS policy violation: Origin not allowed"}
{"level":"error","message":"OPTIONS /api-v1/admin/profile - CORS policy violation: Origin not allowed"}
{"level":"error","message":"OPTIONS /api-v1/admin/profile - CORS policy violation: Origin not allowed"}
{"level":"error","message":"OPTIONS /api-v1/admin/profile - CORS policy violation: Origin not allowed"}
{"level":"error","message":"OPTIONS /api-v1/admin/profile - CORS policy violation: Origin not allowed"}
{"level":"error","message":"OPTIONS /api-v1/admin/profile - CORS policy violation: Origin not allowed"}
{"level":"error","message":"OPTIONS /api-v1/admin/profile - CORS policy violation: Origin not allowed"}
{"level":"error","message":"OPTIONS /api-v1/admin/profile - CORS policy violation: Origin not allowed"}
{"level":"error","message":"OPTIONS /api-v1/admin/logout - CORS policy violation: Origin not allowed"}
{"level":"error","message":"OPTIONS /api-v1/admin/logout - CORS policy violation: Origin not allowed"}
{"level":"error","message":"OPTIONS /api-v1/admin/logout - CORS policy violation: Origin not allowed"}
{"level":"error","message":"OPTIONS /api-v1/admin/logout - CORS policy violation: Origin not allowed"}
{"level":"error","message":"OPTIONS /api-v1/admin/logout - CORS policy violation: Origin not allowed"}
{"level":"error","message":"OPTIONS /api-v1/admin/logout - CORS policy violation: Origin not allowed"}
{"level":"error","message":"OPTIONS /api-v1/admin/logout - CORS policy violation: Origin not allowed"}
{"level":"error","message":"OPTIONS /api-v1/admin/logout - CORS policy violation: Origin not allowed"}
{"level":"error","message":"OPTIONS /api-v1/admin/logout - CORS policy violation: Origin not allowed"}
{"level":"error","message":"OPTIONS /api-v1/admin/logout - CORS policy violation: Origin not allowed"}
{"level":"error","message":"OPTIONS /api-v1/admin/profile - CORS policy violation: Origin not allowed"}
{"level":"error","message":"OPTIONS /api-v1/admin/profile - CORS policy violation: Origin not allowed"}
{"level":"error","message":"OPTIONS /api-v1/admin/profile - CORS policy violation: Origin not allowed"}
{"level":"error","message":"OPTIONS /api-v1/admin/profile - CORS policy violation: Origin not allowed"}
{"level":"error","message":"OPTIONS /api-v1/admin/profile - CORS policy violation: Origin not allowed"}
{"level":"error","message":"OPTIONS /api-v1/admin/profile - CORS policy violation: Origin not allowed"}
{"level":"error","message":"OPTIONS /api-v1/admin/profile - CORS policy violation: Origin not allowed"}
{"level":"error","message":"OPTIONS /api-v1/admin/profile - CORS policy violation: Origin not allowed"}
{"level":"error","message":"OPTIONS /api-v1/admin/profile - CORS policy violation: Origin not allowed"}
{"level":"error","message":"OPTIONS /api-v1/admin/profile - CORS policy violation: Origin not allowed"}
{"level":"error","message":"OPTIONS /api-v1/admin/profile - CORS policy violation: Origin not allowed"}
{"level":"error","message":"OPTIONS /api-v1/admin/profile - CORS policy violation: Origin not allowed"}
{"level":"error","message":"OPTIONS /api-v1/admin/logout - CORS policy violation: Origin not allowed"}
{"level":"error","message":"OPTIONS /api-v1/admin/logout - CORS policy violation: Origin not allowed"}
{"level":"error","message":"OPTIONS /api-v1/admin/logout - CORS policy violation: Origin not allowed"}
{"level":"error","message":"OPTIONS /api-v1/admin/logout - CORS policy violation: Origin not allowed"}
{"level":"error","message":"OPTIONS /api-v1/admin/logout - CORS policy violation: Origin not allowed"}
{"level":"error","message":"OPTIONS /api-v1/admin/logout - CORS policy violation: Origin not allowed"}
{"level":"error","message":"OPTIONS /api-v1/admin/logout - CORS policy violation: Origin not allowed"}
{"level":"error","message":"OPTIONS /api-v1/admin/logout - CORS policy violation: Origin not allowed"}
{"level":"error","message":"OPTIONS /api-v1/admin/logout - CORS policy violation: Origin not allowed"}
{"level":"error","message":"OPTIONS /api-v1/admin/logout - CORS policy violation: Origin not allowed"}
{"level":"error","message":"OPTIONS /api-v1/admin/profile - CORS policy violation: Origin not allowed"}
{"level":"error","message":"OPTIONS /api-v1/admin/profile - CORS policy violation: Origin not allowed"}
{"level":"error","message":"OPTIONS /api-v1/admin/profile - CORS policy violation: Origin not allowed"}
{"level":"error","message":"OPTIONS /api-v1/admin/profile - CORS policy violation: Origin not allowed"}
{"level":"error","message":"OPTIONS /api-v1/admin/profile - CORS policy violation: Origin not allowed"}
{"level":"error","message":"OPTIONS /api-v1/admin/profile - CORS policy violation: Origin not allowed"}
{"level":"error","message":"OPTIONS /api-v1/admin/profile - CORS policy violation: Origin not allowed"}
{"level":"error","message":"OPTIONS /api-v1/admin/profile - CORS policy violation: Origin not allowed"}
{"level":"error","message":"OPTIONS /api-v1/admin/profile - CORS policy violation: Origin not allowed"}
{"level":"error","message":"OPTIONS /api-v1/admin/profile - CORS policy violation: Origin not allowed"}
{"level":"error","message":"OPTIONS /api-v1/admin/profile - CORS policy violation: Origin not allowed"}
{"level":"error","message":"OPTIONS /api-v1/admin/profile - CORS policy violation: Origin not allowed"}
{"level":"error","message":"OPTIONS /api-v1/admin/logout - CORS policy violation: Origin not allowed"}
{"level":"error","message":"OPTIONS /api-v1/admin/logout - CORS policy violation: Origin not allowed"}
{"level":"error","message":"OPTIONS /api-v1/admin/logout - CORS policy violation: Origin not allowed"}
{"level":"error","message":"OPTIONS /api-v1/admin/logout - CORS policy violation: Origin not allowed"}
{"level":"error","message":"OPTIONS /api-v1/admin/logout - CORS policy violation: Origin not allowed"}
{"level":"error","message":"OPTIONS /api-v1/admin/logout - CORS policy violation: Origin not allowed"}
{"level":"error","message":"OPTIONS /api-v1/admin/logout - CORS policy violation: Origin not allowed"}
{"level":"error","message":"OPTIONS /api-v1/admin/logout - CORS policy violation: Origin not allowed"}
{"level":"error","message":"OPTIONS /api-v1/admin/logout - CORS policy violation: Origin not allowed"}
{"level":"error","message":"OPTIONS /api-v1/admin/logout - CORS policy violation: Origin not allowed"}
{"level":"error","message":"OPTIONS /api-v1/admin/profile - CORS policy violation: Origin not allowed"}
{"level":"error","message":"OPTIONS /api-v1/admin/profile - CORS policy violation: Origin not allowed"}
{"level":"error","message":"OPTIONS /api-v1/admin/profile - CORS policy violation: Origin not allowed"}
{"level":"error","message":"OPTIONS /api-v1/admin/profile - CORS policy violation: Origin not allowed"}
{"level":"error","message":"OPTIONS /api-v1/admin/profile - CORS policy violation: Origin not allowed"}
{"level":"error","message":"OPTIONS /api-v1/admin/profile - CORS policy violation: Origin not allowed"}
{"level":"error","message":"OPTIONS /api-v1/admin/profile - CORS policy violation: Origin not allowed"}
{"level":"error","message":"OPTIONS /api-v1/admin/profile - CORS policy violation: Origin not allowed"}
{"level":"error","message":"OPTIONS /api-v1/admin/profile - CORS policy violation: Origin not allowed"}
{"level":"error","message":"OPTIONS /api-v1/admin/profile - CORS policy violation: Origin not allowed"}
{"level":"error","message":"OPTIONS /api-v1/admin/profile - CORS policy violation: Origin not allowed"}
{"level":"error","message":"OPTIONS /api-v1/admin/profile - CORS policy violation: Origin not allowed"}
{"level":"error","message":"OPTIONS /api-v1/admin/logout - CORS policy violation: Origin not allowed"}
{"level":"error","message":"OPTIONS /api-v1/admin/logout - CORS policy violation: Origin not allowed"}
{"level":"error","message":"OPTIONS /api-v1/admin/logout - CORS policy violation: Origin not allowed"}
{"level":"error","message":"OPTIONS /api-v1/admin/logout - CORS policy violation: Origin not allowed"}
{"level":"error","message":"OPTIONS /api-v1/admin/logout - CORS policy violation: Origin not allowed"}
{"level":"error","message":"OPTIONS /api-v1/admin/logout - CORS policy violation: Origin not allowed"}
{"level":"error","message":"OPTIONS /api-v1/admin/logout - CORS policy violation: Origin not allowed"}
{"level":"error","message":"OPTIONS /api-v1/admin/logout - CORS policy violation: Origin not allowed"}
{"level":"error","message":"OPTIONS /api-v1/admin/logout - CORS policy violation: Origin not allowed"}
{"level":"error","message":"OPTIONS /api-v1/admin/logout - CORS policy violation: Origin not allowed"}
{"level":"error","message":"POST /api-v1/user/verify-otp - Expected double-quoted property name in JSON at position 30"}
